Konvertierung gestartet
webm Konvertierung beendet
mp4 Konvertierung beendet
{"duration": 5.056000, "position": 0.00, "audio_kbps":  0, "video_kbps": 0, "remaining": 0.00}
{"duration": 5.056000, "position": 1.27, "audio_kbps":  0, "video_kbps": 114, "remaining": 35.85}
{"duration": 5.056000, "position": 1.80, "audio_kbps":  0, "video_kbps": 376, "remaining": 21.67}
{"duration": 5.056000, "position": 2.34, "audio_kbps":  0, "video_kbps": 733, "remaining": 13.98}
{"duration": 5.056000, "position": 4.30, "audio_kbps":  0, "video_kbps": 527, "remaining": 2.10}
{"duration": 5.056000, "position": 4.84, "audio_kbps":  0, "video_kbps": 469, "remaining": 0.54}

{"duration": 5.056000, "position": 5.06, "audio_kbps":  0, "video_kbps": 469, "remaining": 0.00}
{"result": "ok"}
ogv Konvertierung beendet
mp4-small Konvertierung beendet
webm-small Konvertierung beendet
{"duration": 5.056000, "position": 0.00, "audio_kbps":  0, "video_kbps": 0, "remaining": 0.00}
{"duration": 5.056000, "position": 0.77, "audio_kbps":  0, "video_kbps": 40, "remaining": 11.18}
{"duration": 5.056000, "position": 1.43, "audio_kbps":  0, "video_kbps": 54, "remaining": 5.05}
{"duration": 5.056000, "position": 1.97, "audio_kbps":  0, "video_kbps": 114, "remaining": 3.14}
{"duration": 5.056000, "position": 4.30, "audio_kbps":  0, "video_kbps": 126, "remaining": 0.35}
{"duration": 5.056000, "position": 4.84, "audio_kbps":  0, "video_kbps": 112, "remaining": 0.09}

{"duration": 5.056000, "position": 5.06, "audio_kbps":  0, "video_kbps": 112, "remaining": 0.00}
{"result": "ok"}
ogv-small Konvertierung beendet
Konvertierung beendet
