Input: temp/Intro_RiedbergTv.mp4 video/

checking...
Package ffmpeg is installed -- OK
Package ffmpeg2theora is installed -- OK
Inputfile exist -- OK
Can read Inputfile -- OK
Can read to target-directory -- OK
checking done 

CONVERTING START: Mon Feb  1 23:28:42 2016 

{"duration": 5.056000, "position": 0.00, "audio_kbps":  0, "video_kbps": 0, "remaining": 0.00}
{"duration": 5.056000, "position": 0.77, "audio_kbps":  0, "video_kbps": 40, "remaining": 27.94}
{"duration": 5.056000, "position": 1.43, "audio_kbps":  0, "video_kbps": 54, "remaining": 12.62}
{"duration": 5.056000, "position": 1.97, "audio_kbps":  0, "video_kbps": 114, "remaining": 7.84}
{"duration": 5.056000, "position": 4.30, "audio_kbps":  0, "video_kbps": 126, "remaining": 0.87}
{"duration": 5.056000, "position": 4.84, "audio_kbps":  0, "video_kbps": 112, "remaining": 0.23}

{"duration": 5.056000, "position": 5.06, "audio_kbps":  0, "video_kbps": 112, "remaining": 0.00}
{"result": "ok"}
{"duration": 5.056000, "position": 0.00, "audio_kbps":  0, "video_kbps": 0, "remaining": 0.00}
{"duration": 5.056000, "position": 1.27, "audio_kbps":  0, "video_kbps": 114, "remaining": 92.62}
{"duration": 5.056000, "position": 1.80, "audio_kbps":  0, "video_kbps": 376, "remaining": 55.99}
{"duration": 5.056000, "position": 2.34, "audio_kbps":  0, "video_kbps": 733, "remaining": 36.11}
{"duration": 5.056000, "position": 4.30, "audio_kbps":  0, "video_kbps": 527, "remaining": 5.41}
{"duration": 5.056000, "position": 4.84, "audio_kbps":  0, "video_kbps": 469, "remaining": 1.40}

{"duration": 5.056000, "position": 5.06, "audio_kbps":  0, "video_kbps": 469, "remaining": 0.00}
{"result": "ok"}

checking files:
.webm converting successful
.mp4 converting successful
.ogv converting successful
.small.webm converting successful
.small.mp4 converting successful
.small.ogv converting successful

CONVERTING END: Mon Feb  1 23:29:13 2016
