Input: temp/Intro_RiedbergTv.mp4 video/test/

checking...
Package ffmpeg is installed -- OK
Package ffmpeg2theora is installed -- OK
Inputfile exist -- OK
Can read Inputfile -- OK
Target-directory exists -- OK
Can write to target-directory -- OK
checking done 

CONVERTING START: Thu Feb  4 23:25:26 2016 

{"duration": 5.056000, "position": 0.00, "audio_kbps":  0, "video_kbps": 0, "remaining": 0.00}
{"duration": 5.056000, "position": 0.77, "audio_kbps":  0, "video_kbps": 40, "remaining": 61.47}
{"duration": 5.056000, "position": 1.43, "audio_kbps":  0, "video_kbps": 54, "remaining": 27.76}
{"duration": 5.056000, "position": 1.97, "audio_kbps":  0, "video_kbps": 114, "remaining": 17.25}
{"duration": 5.056000, "position": 4.30, "audio_kbps":  0, "video_kbps": 126, "remaining": 1.92}
{"duration": 5.056000, "position": 4.84, "audio_kbps":  0, "video_kbps": 112, "remaining": 0.50}

{"duration": 5.056000, "position": 5.06, "audio_kbps":  0, "video_kbps": 112, "remaining": 0.00}
{"result": "ok"}
{"duration": 5.056000, "position": 0.00, "audio_kbps":  0, "video_kbps": 0, "remaining": 0.00}
{"duration": 5.056000, "position": 1.27, "audio_kbps":  0, "video_kbps": 114, "remaining": 110.54}
{"duration": 5.056000, "position": 1.80, "audio_kbps":  0, "video_kbps": 376, "remaining": 66.83}
{"duration": 5.056000, "position": 2.34, "audio_kbps":  0, "video_kbps": 733, "remaining": 43.09}
{"duration": 5.056000, "position": 4.30, "audio_kbps":  0, "video_kbps": 527, "remaining": 6.46}
{"duration": 5.056000, "position": 4.84, "audio_kbps":  0, "video_kbps": 469, "remaining": 1.67}

{"duration": 5.056000, "position": 5.06, "audio_kbps":  0, "video_kbps": 469, "remaining": 0.00}
{"result": "ok"}

checking files:
.webm converting successful
.mp4 converting successful
.ogv converting successful
.small.webm converting successful
.small.mp4 converting successful
.small.ogv converting successful

CONVERTING END: Thu Feb  4 23:29:27 2016
